<?xml version="1.0" encoding="UTF-8"?>
<testng-results skipped="0" failed="0" ignored="0" total="1" passed="1">
  <reporter-output>
  </reporter-output>
  <suite name="Suite" duration-ms="10999" started-at="2018-09-29T08:22:45Z" finished-at="2018-09-29T08:22:56Z">
    <groups>
    </groups>
    <test name="Test" duration-ms="10999" started-at="2018-09-29T08:22:45Z" finished-at="2018-09-29T08:22:56Z">
      <class name="danielsGroup.mydemo1.NewTest">
        <test-method status="PASS" signature="t()[pri:0, instance:danielsGroup.mydemo1.NewTest@5afa04c]" name="t" duration-ms="10973" started-at="2018-09-29T08:22:45Z" finished-at="2018-09-29T08:22:56Z">
          <reporter-output>
          </reporter-output>
        </test-method> <!-- t -->
      </class> <!-- danielsGroup.mydemo1.NewTest -->
    </test> <!-- Test -->
  </suite> <!-- Suite -->
</testng-results>
